<?xml version="1.0" encoding="UTF-8" ?>
<testsuite failures="0" time="9.071" errors="0" skipped="0" tests="1" name="org.openmrs.module.codbr.api.codbrServiceTest">
  <properties>
    <property name="java.runtime.name" value="Java(TM) SE Runtime Environment"/>
    <property name="sun.boot.library.path" value="C:\Program Files\Java\jdk1.6.0_32\jre\bin"/>
    <property name="java.vm.version" value="20.7-b02"/>
    <property name="java.vm.vendor" value="Sun Microsystems Inc."/>
    <property name="java.vendor.url" value="http://java.sun.com/"/>
    <property name="path.separator" value=";"/>
    <property name="guice.disable.misplaced.annotation.check" value="true"/>
    <property name="java.vm.name" value="Java HotSpot(TM) 64-Bit Server VM"/>
    <property name="file.encoding.pkg" value="sun.io"/>
    <property name="user.country" value="US"/>
    <property name="sun.java.launcher" value="SUN_STANDARD"/>
    <property name="sun.os.patch.level" value="Service Pack 1"/>
    <property name="java.vm.specification.name" value="Java Virtual Machine Specification"/>
    <property name="user.dir" value="C:\Users\PC2\git\CODBR\codbr"/>
    <property name="java.runtime.version" value="1.6.0_32-b05"/>
    <property name="java.awt.graphicsenv" value="sun.awt.Win32GraphicsEnvironment"/>
    <property name="java.endorsed.dirs" value="C:\Program Files\Java\jdk1.6.0_32\jre\lib\endorsed"/>
    <property name="os.arch" value="amd64"/>
    <property name="java.io.tmpdir" value="C:\Users\PC2\AppData\Local\Temp\"/>
    <property name="line.separator" value="
"/>
    <property name="java.vm.specification.vendor" value="Sun Microsystems Inc."/>
    <property name="user.variant" value=""/>
    <property name="os.name" value="Windows 7"/>
    <property name="classworlds.conf" value="C:\testwkspc\.metadata\.plugins\org.eclipse.m2e.core\launches\m2conf6146213176672633081.tmp"/>
    <property name="sun.jnu.encoding" value="Cp1252"/>
    <property name="java.library.path" value="C:\Program Files\Java\jdk1.6.0_32\bin;C:\Windows\Sun\Java\bin;C:\Windows\system32;C:\Windows;C:\Windows\system32;C:\Windows;C:\Windows\System32\Wbem;C:\Windows\System32\WindowsPowerShell\v1.0\;C:\Program Files (x86)\Intel\OpenCL SDK\2.0\bin\x86;C:\Program Files (x86)\Intel\OpenCL SDK\2.0\bin\x64;C:\Program Files\TortoiseSVN\bin;C:\Program Files\Java\jre6\bin;C:\Program Files\Java\jdk1.6.0_43\\bin;C:\apache-maven-3.0.5-bin\apache-maven-3.0.5\bin;C:\Program Files (x86)\Git\cmd;D:\tools\apache-ant-1.9.2\bin\ant\bin;."/>
    <property name="java.specification.name" value="Java Platform API Specification"/>
    <property name="java.class.version" value="50.0"/>
    <property name="sun.management.compiler" value="HotSpot 64-Bit Tiered Compilers"/>
    <property name="os.version" value="6.1"/>
    <property name="user.home" value="C:\Users\PC2"/>
    <property name="user.timezone" value="Asia/Karachi"/>
    <property name="java.awt.printerjob" value="sun.awt.windows.WPrinterJob"/>
    <property name="file.encoding" value="Cp1252"/>
    <property name="java.specification.version" value="1.6"/>
    <property name="user.name" value="PC2"/>
    <property name="java.class.path" value="/C:/Program Files/eclipse/configuration/org.eclipse.osgi/bundles/809/1/.cp/jars/plexus-classworlds-2.4.jar"/>
    <property name="java.vm.specification.version" value="1.0"/>
    <property name="sun.arch.data.model" value="64"/>
    <property name="java.home" value="C:\Program Files\Java\jdk1.6.0_32\jre"/>
    <property name="sun.java.command" value="org.codehaus.plexus.classworlds.launcher.Launcher -B -s C:\Users\PC2\.m2\settings.xml install"/>
    <property name="java.specification.vendor" value="Sun Microsystems Inc."/>
    <property name="user.language" value="en"/>
    <property name="awt.toolkit" value="sun.awt.windows.WToolkit"/>
    <property name="java.vm.info" value="mixed mode"/>
    <property name="java.version" value="1.6.0_32"/>
    <property name="java.ext.dirs" value="C:\Program Files\Java\jdk1.6.0_32\jre\lib\ext;C:\Windows\Sun\Java\lib\ext"/>
    <property name="sun.boot.class.path" value="C:\Program Files\Java\jdk1.6.0_32\jre\lib\resources.jar;C:\Program Files\Java\jdk1.6.0_32\jre\lib\rt.jar;C:\Program Files\Java\jdk1.6.0_32\jre\lib\sunrsasign.jar;C:\Program Files\Java\jdk1.6.0_32\jre\lib\jsse.jar;C:\Program Files\Java\jdk1.6.0_32\jre\lib\jce.jar;C:\Program Files\Java\jdk1.6.0_32\jre\lib\charsets.jar;C:\Program Files\Java\jdk1.6.0_32\jre\lib\modules\jdk.boot.jar;C:\Program Files\Java\jdk1.6.0_32\jre\classes"/>
    <property name="java.vendor" value="Sun Microsystems Inc."/>
    <property name="maven.home" value="C:\Users\PC2\git\CODBR\codbr\EMBEDDED"/>
    <property name="file.separator" value="\"/>
    <property name="java.vendor.url.bug" value="http://java.sun.com/cgi-bin/bugreport.cgi"/>
    <property name="sun.cpu.endian" value="little"/>
    <property name="sun.io.unicode.encoding" value="UnicodeLittle"/>
    <property name="sun.desktop" value="windows"/>
    <property name="sun.cpu.isalist" value="amd64"/>
  </properties>
  <testcase time="8.786" classname="org.openmrs.module.codbr.api.codbrServiceTest" name="shouldSetupContext"/>
</testsuite>